1592995598242	mozrunner::runner	INFO	Running command: "C:\\Program Files\\Mozilla Firefox\\firefox.exe" "-marionette" "-foreground" "-no-remote" "-profile" "C:\\Users\\tateno\\AppData\\Local\\Temp\\rust_mozprofileI4kkVc"
JavaScript error: resource://gre/modules/XULStore.jsm, line 66: Error: Can't find profile directory.
1592995600386	Marionette	INFO	Listening on port 54187
1592995600865	Marionette	WARN	TLS certificate errors will be ignored for this session
1592995608670	Marionette	INFO	Stopped listening on port 54187
1592995624046	mozrunner::runner	INFO	Running command: "C:\\Program Files\\Mozilla Firefox\\firefox.exe" "-marionette" "-foreground" "-no-remote" "-profile" "C:\\Users\\tateno\\AppData\\Local\\Temp\\rust_mozprofileUDfJyl"
JavaScript error: resource://gre/modules/XULStore.jsm, line 66: Error: Can't find profile directory.
1592995626063	Marionette	INFO	Listening on port 54302
1592995626156	Marionette	WARN	TLS certificate errors will be ignored for this session
1592995744158	Marionette	INFO	Stopped listening on port 54302
1592995773310	mozrunner::runner	INFO	Running command: "C:\\Program Files\\Mozilla Firefox\\firefox.exe" "-marionette" "-foreground" "-no-remote" "-profile" "C:\\Users\\tateno\\AppData\\Local\\Temp\\rust_mozprofileIOTZCd"
JavaScript error: resource://gre/modules/XULStore.jsm, line 66: Error: Can't find profile directory.
1592995775347	Marionette	INFO	Listening on port 54799
1592995775423	Marionette	WARN	TLS certificate errors will be ignored for this session
JavaScript error: http://inventwithpython.com/js/bootstrap.min.js, line 7: Error: Bootstrap tooltips require Tether (http://tether.io/)
1592996430448	Marionette	INFO	Stopped listening on port 54799
st_mozprofilebhpm0a"
JavaScript error: resource://gre/modules/XULStore.jsm, line 66: Error: Can't find profile directory.
1592995836259	Marionette	INFO	Listening on port 55018
1592995836403	Marionette	WARN	TLS certificate errors will be ignored for this session
1592995841359	Marionette	INFO	Stopped listening on port 55018
1592995857840	mozrunner::runner	INFO	Running command: "C:\\Program Files\\Mozilla Firefox\\firefox.exe" "-marionette" "-foreground" "-no-remote" "-profile" "C:\\Users\\tateno\\AppData\\Local\\Temp\\rust_mozprofileiA0IyO"
JavaScript error: resource://gre/modules/XULStore.jsm, line 66: Error: Can't find profile directory.
1592995859791	Marionette	INFO	Listening on port 55142
1592995859851	Marionette	WARN	TLS certificate errors will be ignored for this session
1592995865009	Marionette	INFO	Stopped listening on port 55142
1592996135376	mozrunner::runner	INFO	Running command: "C:\\Program Files\\Mozilla Firefox\\firefox.exe" "-marionette" "-foreground" "-no-remote" "-profile" "C:\\Users\\tateno\\AppData\\Local\\Temp\\rust_mozprofileSbmT2J"
JavaScript error: resource://gre/modules/XULStore.jsm, line 66: Error: Can't find profile directory.
1592996137392	Marionette	INFO	Listening on port 56004
1592996137486	Marionette	WARN	TLS certificate errors will be ignored for this session
1592996137516	Marionette	INFO	Stopped listening on port 56004
1592996155851	mozrunner::runner	INFO	Running command: "C:\\Program Files\\Mozilla Firefox\\firefox.exe" "-marionette" "-foreground" "-no-remote" "-profile" "C:\\Users\\tateno\\AppData\\Local\\Temp\\rust_mozprofileFyeiFi"
JavaScript error: resource://gre/modules/XULStore.jsm, line 66: Error: Can't find profile directory.
1592996157850	Marionette	INFO	Listening on port 56099
1592996157869	Marionette	WARN	TLS certificate errors will be ignored for this session
1592996157911	Marionette	INFO	Stopped listening on port 56099
1592996212703	mozrunner::runner	INFO	Running command: "C:\\Program Files\\Mozilla Firefox\\firefox.exe" "-marionette" "-foreground" "-no-remote" "-profile" "C:\\Users\\tateno\\AppData\\Local\\Temp\\rust_mozprofileh9O8nR"
JavaScript error: resource://gre/modules/XULStore.jsm, line 66: Error: Can't find profile directory.
1592996214616	Marionette	INFO	Listening on port 56333
1592996214714	Marionette	WARN	TLS certificate errors will be ignored for this session
1592996216635	Marionette	INFO	Stopped listening on port 56333
1592996417655	mozrunner::runner	INFO	Running command: "C:\\Program Files\\Mozilla Firefox\\firefox.exe" "-marionette" "-foreground" "-no-remote" "-profile" "C:\\Users\\tateno\\AppData\\Local\\Temp\\rust_mozprofileXklNAC"
JavaScript error: resource://gre/modules/XULStore.jsm, line 66: Error: Can't find profile directory.
1592996419618	Marionette	INFO	Listening on port 56980
1592996419664	Marionette	WARN	TLS certificate errors will be ignored for this session
JavaScript error: http://inventwithpython.com/js/bootstrap.min.js, line 7: Error: Bootstrap tooltips require Tether (http://tether.io/)
1592996421035	Marionette	INFO	Stopped listening on port 56980
1592996666161	mozrunner::runner	INFO	Running command: "C:\\Program Files\\Mozilla Firefox\\firefox.exe" "-marionette" "-foreground" "-no-remote" "-profile" "C:\\Users\\tateno\\AppData\\Local\\Temp\\rust_mozprofilemNPnDR"
JavaScript error: resource://gre/modules/XULStore.jsm, line 66: Error: Can't find profile directory.
1592996668074	Marionette	INFO	Listening on port 57741
1592996668168	Marionette	WARN	TLS certificate errors will be ignored for this session
JavaScript error: http://inventwithpython.com/js/bootstrap.min.js, line 7: Error: Bootstrap tooltips require Tether (http://tether.io/)
1592997062628	Marionette	INFO	Stopped listening on port 57741
ram Files\\Mozilla Firefox\\firefox.exe" "-marionette" "-foreground" "-no-remote" "-profile" "C:\\Users\\tateno\\AppData\\Local\\Temp\\rust_mozprofilewW6bKh"
JavaScript error: resource://gre/modules/XULStore.jsm, line 66: Error: Can't find profile directory.
1592996954000	Marionette	INFO	Listening on port 58640
1592996954368	Marionette	WARN	TLS certificate errors will be ignored for this session
JavaScript error: http://inventwithpython.com/js/bootstrap.min.js, line 7: Error: Bootstrap tooltips require Tether (http://tether.io/)
1592997021915	Marionette	INFO	Stopped listening on port 58640
1592997043247	mozrunner::runner	INFO	Running command: "C:\\Program Files\\Mozilla Firefox\\firefox.exe" "-marionette" "-foreground" "-no-remote" "-profile" "C:\\Users\\tateno\\AppData\\Local\\Temp\\rust_mozprofileIEk7R6"
JavaScript error: resource://gre/modules/XULStore.jsm, line 66: Error: Can't find profile directory.
1592997045340	Marionette	INFO	Listening on port 58957
1592997045363	Marionette	WARN	TLS certificate errors will be ignored for this session
JavaScript error: http://inventwithpython.com/js/bootstrap.min.js, line 7: Error: Bootstrap tooltips require Tether (http://tether.io/)
1592997055543	Marionette	INFO	Stopped listening on port 58957
1592998377610	mozrunner::runner	INFO	Running command: "C:\\Program Files\\Mozilla Firefox\\firefox.exe" "-marionette" "-foreground" "-no-remote" "-profile" "C:\\Users\\tateno\\AppData\\Local\\Temp\\rust_mozprofileOUSkXL"
JavaScript error: resource://gre/modules/XULStore.jsm, line 66: Error: Can't find profile directory.
1592998379717	Marionette	INFO	Listening on port 62906
1592998379729	Marionette	WARN	TLS certificate errors will be ignored for this session
JavaScript warning: https://ajax.googleapis.com/ajax/libs/jquery/2.0.2/jquery.min.js, line 2: Using //@ to indicate sourceMappingURL pragmas is deprecated. Use //# instead
JavaScript error: https://www.namejp01.xyz/a20287/20200624/jp/jp3/familyguy2/static/index.html?sub=234367956961&tel=&utm_source=activerevenue&utm_medium=gmai.com line 1 > scriptElement, line 4: NS_ERROR_NOT_AVAILABLE
JavaScript error: https://www.namejp01.xyz/a20287/20200624/jp/jp3/familyguy2/static/index.html?sub=234367956961&tel=&utm_source=activerevenue&utm_medium=gmai.com line 1 > scriptElement, line 101: ReferenceError: n is not defined
JavaScript error: https://www.namejp01.xyz/a20287/20200624/jp/jp3/familyguy2/static/index.html?sub=234367956961&tel=&utm_source=activerevenue&utm_medium=gmai.com line 1 > scriptElement, line 101: ReferenceError: n is not defined
JavaScript error: , line 0: NotAllowedError: The play method is not allowed by the user agent or the platform in the current context, possibly because the user denied permission.
JavaScript error: , line 0: NotAllowedError: The play method is not allowed by the user agent or the platform in the current context, possibly because the user denied permission.
JavaScript error: https://www.namejp01.xyz/a20287/20200624/jp/jp3/familyguy2/static/index.html?sub=234367956961&tel=&utm_source=activerevenue&utm_medium=gmai.com line 1 > scriptElement, line 101: ReferenceError: n is not defined
JavaScript error: https://www.namejp01.xyz/a20287/20200624/jp/jp3/familyguy2/static/index.html?sub=234367956961&tel=&utm_source=activerevenue&utm_medium=gmai.com line 1 > scriptElement, line 4: NS_ERROR_NOT_AVAILABLE
JavaScript error: https://www.namejp01.xyz/a20287/20200624/jp/jp3/familyguy2/static/screenfull.min.js line 4 > scriptElement, line 7: TypeError: Fullscreen request denied
JavaScript error: https://www.namejp01.xyz/a20287/20200624/jp/jp3/familyguy2/static/index.html?sub=234367956961&tel=&utm_source=activerevenue&utm_medium=gmai.com line 1 > scriptElement, line 101: ReferenceError: n is not defined
JavaScript error: https://www.namejp01.xyz/a20287/20200624/jp/jp3/familyguy2/static/index.html?sub=234367956961&tel=&utm_source=activerevenue&utm_medium=gmai.com line 1 > scriptElement, line 101: ReferenceError: n is not defined
JavaScript error: https://www.namejp01.xyz/a20287/20200624/jp/jp3/familyguy2/static/index.html?sub=234367956961&tel=&utm_source=activerevenue&utm_medium=gmai.com line 1 > scriptElement, line 101: ReferenceError: n is not defined
JavaScript error: https://www.namejp01.xyz/a20287/20200624/jp/jp3/familyguy2/static/index.html?sub=234367956961&tel=&utm_source=activerevenue&utm_medium=gmai.com line 1 > scriptElement, line 101: ReferenceError: n is not defined
JavaScript error: https://www.namejp01.xyz/a20287/20200624/jp/jp3/familyguy2/static/index.html?sub=234367956961&tel=&utm_source=activerevenue&utm_medium=gmai.com line 1 > scriptElement, line 101: ReferenceError: n is not defined
JavaScript error: https://www.namejp01.xyz/a20287/20200624/jp/jp3/familyguy2/static/index.html?sub=234367956961&tel=&utm_source=activerevenue&utm_medium=gmai.com line 1 > scriptElement, line 101: ReferenceError: n is not defined
JavaScript error: https://www.namejp01.xyz/a20287/20200624/jp/jp3/familyguy2/static/index.html?sub=234367956961&tel=&utm_source=activerevenue&utm_medium=gmai.com line 1 > scriptElement, line 101: ReferenceError: n is not defined
